<?xml version="1.0" encoding="UTF-8"?>
<testng-results total="1" passed="1" failed="0" skipped="0">
  <reporter-output>
  </reporter-output>
  <suite started-at="2023-08-16T10:45:01Z" name="Project" finished-at="2023-08-16T10:45:10Z" duration-ms="8745">
    <groups>
    </groups>
    <test started-at="2023-08-16T10:45:01Z" name="Chrome Browser" finished-at="2023-08-16T10:45:10Z" duration-ms="8745">
      <class name="test.LoginTest">
        <test-method is-config="true" signature="setup(java.lang.String)[pri:0, instance:test.LoginTest@6c9f5c0d]" started-at="2023-08-16T16:15:01Z" name="setup" finished-at="2023-08-16T16:15:08Z" duration-ms="6330" status="PASS">
          <params>
            <param index="0">
              <value>
                <![CDATA[chrome]]>
              </value>
            </param>
          </params>
          <reporter-output>
          </reporter-output>
        </test-method> <!-- setup -->
        <test-method signature="Login_Banking()[pri:0, instance:test.LoginTest@6c9f5c0d]" started-at="2023-08-16T16:15:08Z" name="Login_Banking" finished-at="2023-08-16T16:15:10Z" duration-ms="2140" status="PASS">
          <reporter-output>
          </reporter-output>
        </test-method> <!-- Login_Banking -->
        <test-method is-config="true" signature="exitapp()[pri:0, instance:test.LoginTest@6c9f5c0d]" started-at="2023-08-16T16:15:10Z" name="exitapp" finished-at="2023-08-16T16:15:10Z" duration-ms="268" status="PASS">
          <reporter-output>
          </reporter-output>
        </test-method> <!-- exitapp -->
      </class> <!-- test.LoginTest -->
    </test> <!-- Chrome Browser -->
  </suite> <!-- Project -->
</testng-results>
